[2021-07-27T22:18:18.690Z] starting `heroku update --autoupdate` from /usr/lib/heroku/bin/run version
waiting until 2021-07-27T23:18:18.670Z to update
waiting until 2021-07-27T23:18:18.670Z to update
waiting until 2021-07-27T23:20:00.861Z to update
waiting until 2021-07-27T23:20:00.861Z to update
waiting until 2021-07-27T23:20:00.861Z to update
waiting until 2021-07-27T23:20:00.861Z to update
waiting until 2021-07-27T23:20:00.861Z to update
waiting until 2021-07-27T23:20:00.861Z to update
waiting until 2021-07-27T23:20:00.861Z to update
waiting until 2021-07-27T23:20:00.861Z to update
waiting until 2021-07-27T23:20:00.861Z to update
waiting until 2021-07-27T23:20:00.861Z to update
waiting until 2021-07-27T23:20:00.861Z to update
waiting until 2021-07-27T23:20:00.861Z to update
waiting until 2021-07-27T23:20:00.861Z to update
waiting until 2021-07-27T23:20:00.861Z to update
waiting until 2021-07-27T23:20:00.861Z to update
waiting until 2021-07-27T23:20:00.861Z to update
waiting until 2021-07-27T23:20:00.861Z to update
waiting until 2021-07-27T23:20:00.861Z to update
waiting until 2021-07-27T23:20:00.861Z to update
waiting until 2021-07-27T23:20:00.861Z to update
waiting until 2021-07-27T23:20:00.861Z to update
waiting until 2021-07-27T23:20:00.861Z to update
waiting until 2021-07-27T23:20:00.861Z to update
waiting until 2021-07-27T23:20:00.861Z to update
waiting until 2021-07-27T23:20:00.861Z to update
waiting until 2021-07-27T23:20:00.861Z to update
waiting until 2021-07-27T23:20:00.861Z to update
waiting until 2021-07-27T23:20:00.861Z to update
waiting until 2021-07-27T23:20:00.861Z to update
waiting until 2021-07-27T23:20:00.861Z to update
waiting until 2021-07-27T23:20:00.861Z to update
waiting until 2021-07-27T23:20:00.861Z to update
waiting until 2021-07-27T23:20:00.861Z to update
waiting until 2021-07-27T23:20:00.861Z to update
waiting until 2021-07-27T23:20:00.861Z to update
waiting until 2021-07-27T23:20:00.861Z to update
waiting until 2021-07-27T23:20:00.861Z to update
waiting until 2021-07-27T23:20:00.861Z to update
waiting until 2021-07-27T23:20:00.861Z to update
waiting until 2021-07-27T23:20:00.861Z to update
waiting until 2021-07-27T23:20:00.861Z to update
waiting until 2021-07-27T23:20:00.861Z to update
waiting until 2021-07-27T23:20:00.861Z to update
waiting until 2021-07-27T23:20:00.861Z to update
waiting until 2021-07-27T23:20:00.861Z to update
waiting until 2021-07-27T23:20:00.861Z to update
waiting until 2021-07-27T23:20:00.861Z to update
waiting until 2021-07-27T23:20:00.861Z to update
waiting until 2021-07-27T23:20:00.861Z to update
waiting until 2021-07-27T23:20:00.861Z to update
waiting until 2021-07-27T23:20:00.861Z to update
waiting until 2021-07-27T23:20:00.861Z to update
waiting until 2021-07-27T23:20:00.861Z to update
waiting until 2021-07-27T23:20:00.861Z to update
waiting until 2021-07-27T23:20:00.861Z to update
waiting until 2021-07-27T23:20:00.861Z to update
waiting until 2021-07-27T23:20:00.861Z to update
waiting until 2021-07-27T23:20:00.861Z to update
waiting until 2021-07-27T23:20:00.861Z to update
waiting until 2021-07-27T23:20:00.861Z to update
time to update
heroku: Updating CLI... not updatable
 ›   Warning: update with "sudo apt update && sudo apt install heroku"
Updating completions...
Updating completions... done
